#
# A fatal error has been detected by the Java Runtime Environment:
#
#  EXCEPTION_ACCESS_VIOLATION (0xc0000005) at pc=0x000000006db4c4fb, pid=4592, tid=7224
#
# JRE version: 7.0_04-b22
# Java VM: Java HotSpot(TM) 64-Bit Server VM (23.0-b21 mixed mode windows-amd64 compressed oops)
# Problematic frame:
# V  [jvm.dll+0x11c4fb]
#
# Failed to write core dump. Minidumps are not enabled by default on client versions of Windows
#
# If you would like to submit a bug report, please visit:
#   http://bugreport.sun.com/bugreport/crash.jsp
#

---------------  T H R E A D  ---------------

Current thread (0x0000000008a71000):  JavaThread "JDWP Transport Listener: dt_socket" daemon [_thread_in_vm, id=7224, stack(0x000000000a990000,0x000000000aa90000)]

siginfo: ExceptionCode=0xc0000005, reading address 0x00000000ffffffff

Registers:
RAX=0x000000000aa8f801, RBX=0x0000000008a71000, RCX=0x00000000003b7972, RDX=0x0000000008a71000
RSP=0x000000000aa8f840, RBP=0x00000000003b7972, RSI=0x000000000aa8f958, RDI=0x0000000002268b50
R8 =0x000000000aa8f958, R9 =0x0000000003480056, R10=0x0000000000000000, R11=0x000000000aa8fb72
R12=0x0000000000000000, R13=0x0000000000000000, R14=0x0000000000000000, R15=0x0000000000000000
RIP=0x000000006db4c4fb, EFLAGS=0x0000000000010206

Top of Stack: (sp=0x000000000aa8f840)
0x000000000aa8f840:   0000000008a71000 0000000008a616c0
0x000000000aa8f850:   000000000aa8f908 000000006dcd2549
0x000000000aa8f860:   0000000008a71000 000000006dcedf12
0x000000000aa8f870:   0000000000000000 0000000008a71000
0x000000000aa8f880:   00000000089ea160 000000006c8f264e
0x000000000aa8f890:   0000000008a71000 0000000000000000
0x000000000aa8f8a0:   0000000000000000 0000000000000000
0x000000000aa8f8b0:   003b7265003b7972 000000006c8f1745
0x000000000aa8f8c0:   000000000aa8f958 000000000aa8f930
0x000000000aa8f8d0:   0000000000000001 00000000089ea160
0x000000000aa8f8e0:   003b7265003b7972 000000006c8d53b3
0x000000000aa8f8f0:   000000000aa8fa20 0000000000000001
0x000000000aa8f900:   0000000000000001 00000000089ea160
0x000000000aa8f910:   0000000000000009 0000000000000000
0x000000000aa8f920:   0000000000000000 0000000000000000
0x000000000aa8f930:   0000000000000001 000000006c8d5571 

Instructions: (pc=0x000000006db4c4fb)
0x000000006db4c4db:   48 8b 5c 24 30 48 89 47 18 48 83 c4 20 5f c3 cc
0x000000006db4c4eb:   cc cc cc cc cc 40 53 48 83 ec 20 48 85 c9 74 54
0x000000006db4c4fb:   48 8b 19 48 85 db 74 4c 48 b8 fe fe fe fe fe fe
0x000000006db4c50b:   fe fe 48 3b d8 74 3d 80 3d 8f c7 58 00 00 74 15 


Register to memory mapping:

RAX=0x000000000aa8f801 is pointing into the stack for thread: 0x0000000008a71000
RBX=0x0000000008a71000 is a thread
RCX=0x00000000003b7972 is an unknown value
RDX=0x0000000008a71000 is a thread
RSP=0x000000000aa8f840 is pointing into the stack for thread: 0x0000000008a71000
RBP=0x00000000003b7972 is an unknown value
RSI=0x000000000aa8f958 is pointing into the stack for thread: 0x0000000008a71000
RDI=0x0000000002268b50 is an unknown value
R8 =0x000000000aa8f958 is pointing into the stack for thread: 0x0000000008a71000
R9 =0x0000000003480056 is an unknown value
R10=0x0000000000000000 is an unknown value
R11=0x000000000aa8fb72 is pointing into the stack for thread: 0x0000000008a71000
R12=0x0000000000000000 is an unknown value
R13=0x0000000000000000 is an unknown value
R14=0x0000000000000000 is an unknown value
R15=0x0000000000000000 is an unknown value


Stack: [0x000000000a990000,0x000000000aa90000],  sp=0x000000000aa8f840,  free space=1022k
Native frames: (J=compiled Java code, j=interpreted, Vv=VM code, C=native code)
V  [jvm.dll+0x11c4fb]


---------------  P R O C E S S  ---------------

Java Threads: ( => current thread )
  0x0000000008a96000 JavaThread "Service Thread" daemon [_thread_blocked, id=7516, stack(0x000000000af90000,0x000000000b090000)]
  0x0000000008a8d800 JavaThread "C2 CompilerThread1" daemon [_thread_blocked, id=6092, stack(0x000000000ad60000,0x000000000ae60000)]
  0x0000000008a88000 JavaThread "C2 CompilerThread0" daemon [_thread_blocked, id=4148, stack(0x000000000a780000,0x000000000a880000)]
  0x0000000008a80800 JavaThread "JDWP Command Reader" daemon [_thread_in_native, id=11112, stack(0x000000000aaa0000,0x000000000aba0000)]
  0x0000000008a75800 JavaThread "JDWP Event Helper Thread" daemon [_thread_blocked, id=10148, stack(0x000000000abb0000,0x000000000acb0000)]
=>0x0000000008a71000 JavaThread "JDWP Transport Listener: dt_socket" daemon [_thread_in_vm, id=7224, stack(0x000000000a990000,0x000000000aa90000)]
  0x0000000008a67000 JavaThread "Attach Listener" daemon [_thread_blocked, id=8956, stack(0x0000000009ec0000,0x0000000009fc0000)]
  0x0000000008a5f800 JavaThread "Signal Dispatcher" daemon [_thread_blocked, id=6976, stack(0x0000000009dc0000,0x0000000009ec0000)]
  0x0000000002228000 JavaThread "Finalizer" daemon [_thread_blocked, id=8428, stack(0x0000000009b00000,0x0000000009c00000)]
  0x0000000002221800 JavaThread "Reference Handler" daemon [_thread_blocked, id=6188, stack(0x0000000009c40000,0x0000000009d40000)]
  0x000000000226d800 JavaThread "main" [_thread_blocked, id=2780, stack(0x00000000022b0000,0x00000000023b0000)]

Other Threads:
  0x00000000089e2800 VMThread [stack: 0x0000000009a00000,0x0000000009b00000] [id=14272]
  0x0000000008aa3000 WatcherThread [stack: 0x000000000b0e0000,0x000000000b1e0000] [id=6132]

VM state:not at safepoint (normal execution)

VM Mutex/Monitor currently owned by a thread: None

Heap
 PSYoungGen      total 18176K, used 937K [0x00000000ebc00000, 0x00000000ed040000, 0x0000000000000000)
  eden space 15616K, 6% used [0x00000000ebc00000,0x00000000ebcea4b0,0x00000000ecb40000)
  from space 2560K, 0% used [0x00000000ecdc0000,0x00000000ecdc0000,0x00000000ed040000)
  to   space 2560K, 0% used [0x00000000ecb40000,0x00000000ecb40000,0x00000000ecdc0000)
 ParOldGen       total 41472K, used 0K [0x00000000c3400000, 0x00000000c5c80000, 0x00000000ebc00000)
  object space 41472K, 0% used [0x00000000c3400000,0x00000000c3400000,0x00000000c5c80000)
 PSPermGen       total 21248K, used 3040K [0x00000000be200000, 0x00000000bf6c0000, 0x00000000c3400000)
  object space 21248K, 14% used [0x00000000be200000,0x00000000be4f8280,0x00000000bf6c0000)

Code Cache  [0x0000000002470000, 0x00000000026e0000, 0x0000000005470000)
 total_blobs=162 nmethods=0 adapters=137 free_code_cache=48775Kb largest_free_block=49945472

Compilation events (0 events):
No events

GC Heap History (0 events):
No events

Deoptimization events (0 events):
No events

Internal exceptions (9 events):
Event: 0.043 Thread 0x000000000226d800 Threw 0x00000000ebc0bde0 at C:\jdk7u2_64p\jdk7u4\hotspot\src\share\vm\prims\jni.cpp:3993
Event: 0.158 Thread 0x000000000226d800 Threw 0x00000000ebc48288 at C:\jdk7u2_64p\jdk7u4\hotspot\src\share\vm\prims\jvm.cpp:1166
Event: 0.166 Thread 0x000000000226d800 Threw 0x00000000ebc9d1e0 at C:\jdk7u2_64p\jdk7u4\hotspot\src\share\vm\prims\jvm.cpp:1166
Event: 0.166 Thread 0x000000000226d800 Threw 0x00000000ebc9e558 at C:\jdk7u2_64p\jdk7u4\hotspot\src\share\vm\prims\jvm.cpp:1166
Event: 0.166 Thread 0x000000000226d800 Threw 0x00000000ebc9f920 at C:\jdk7u2_64p\jdk7u4\hotspot\src\share\vm\prims\jvm.cpp:1166
Event: 0.188 Thread 0x000000000226d800 Threw 0x00000000ebcbb1b0 at C:\jdk7u2_64p\jdk7u4\hotspot\src\share\vm\prims\jvm.cpp:1166
Event: 0.188 Thread 0x000000000226d800 Threw 0x00000000ebcbb2d8 at C:\jdk7u2_64p\jdk7u4\hotspot\src\share\vm\prims\jvm.cpp:1166
Event: 0.189 Thread 0x000000000226d800 Threw 0x00000000ebcbe6d8 at C:\jdk7u2_64p\jdk7u4\hotspot\src\share\vm\prims\jvm.cpp:1166
Event: 0.189 Thread 0x000000000226d800 Threw 0x00000000ebcbe800 at C:\jdk7u2_64p\jdk7u4\hotspot\src\share\vm\prims\jvm.cpp:1166

Events (10 events):
Event: 1133.626 Executing VM operation: GetCurrentLocation
Event: 1133.626 Executing VM operation: GetCurrentLocation done
Event: 1133.626 Executing VM operation: EnterInterpOnlyMode
Event: 1133.626 Executing VM operation: EnterInterpOnlyMode done
Event: 1133.626 Executing VM operation: ChangeSingleStep
Event: 1133.626 Executing VM operation: ChangeSingleStep done
Event: 1133.626 Executing VM operation: ChangeSingleStep
Event: 1133.626 Executing VM operation: ChangeSingleStep done
Event: 1133.630 Executing VM operation: RedefineClasses
Event: 1133.630 Executing VM operation: RedefineClasses done


Dynamic libraries:
0x000000003fcc0000 - 0x000000003fcf4000 	C:\Program Files\Java\jre7\bin\javaw.exe
0x0000000077480000 - 0x0000000077629000 	C:\Windows\SYSTEM32\ntdll.dll
0x0000000077260000 - 0x000000007737f000 	C:\Windows\system32\kernel32.dll
0x00000000fd620000 - 0x00000000fd68b000 	C:\Windows\system32\KERNELBASE.dll
0x00000000fdd50000 - 0x00000000fde2b000 	C:\Windows\system32\ADVAPI32.dll
0x00000000ff6b0000 - 0x00000000ff74f000 	C:\Windows\system32\msvcrt.dll
0x00000000fe0d0000 - 0x00000000fe0ef000 	C:\Windows\SYSTEM32\sechost.dll
0x00000000fdc20000 - 0x00000000fdd4d000 	C:\Windows\system32\RPCRT4.dll
0x0000000077380000 - 0x000000007747a000 	C:\Windows\system32\USER32.dll
0x00000000fd9a0000 - 0x00000000fda07000 	C:\Windows\system32\GDI32.dll
0x00000000fd690000 - 0x00000000fd69e000 	C:\Windows\system32\LPK.dll
0x00000000fe0f0000 - 0x00000000fe1b9000 	C:\Windows\system32\USP10.dll
0x00000000fbcb0000 - 0x00000000fbea4000 	C:\Windows\WinSxS\amd64_microsoft.windows.common-controls_6595b64144ccf1df_6.0.7601.17514_none_fa396087175ac9ac\COMCTL32.dll
0x00000000ff4d0000 - 0x00000000ff541000 	C:\Windows\system32\SHLWAPI.dll
0x00000000ff750000 - 0x00000000ff77e000 	C:\Windows\system32\IMM32.DLL
0x00000000ff5a0000 - 0x00000000ff6a9000 	C:\Windows\system32\MSCTF.dll
0x0000000066700000 - 0x00000000667d1000 	C:\Program Files\Java\jre7\bin\msvcr100.dll
0x000000006da30000 - 0x000000006e14a000 	C:\Program Files\Java\jre7\bin\server\jvm.dll
0x00000000f7470000 - 0x00000000f7479000 	C:\Windows\system32\WSOCK32.dll
0x00000000ff550000 - 0x00000000ff59d000 	C:\Windows\system32\WS2_32.dll
0x00000000ff780000 - 0x00000000ff788000 	C:\Windows\system32\NSI.dll
0x00000000fb0f0000 - 0x00000000fb12b000 	C:\Windows\system32\WINMM.dll
0x0000000077640000 - 0x0000000077647000 	C:\Windows\system32\PSAPI.DLL
0x0000000071ce0000 - 0x0000000071cef000 	C:\Program Files\Java\jre7\bin\verify.dll
0x00000000719b0000 - 0x00000000719d8000 	C:\Program Files\Java\jre7\bin\java.dll
0x000000006c8d0000 - 0x000000006c905000 	C:\Program Files\Java\jre7\bin\jdwp.dll
0x00000000719e0000 - 0x00000000719e8000 	C:\Program Files\Java\jre7\bin\npt.dll
0x00000000719f0000 - 0x0000000071a05000 	C:\Program Files\Java\jre7\bin\zip.dll
0x0000000071cf0000 - 0x0000000071cf9000 	C:\Program Files\Java\jre7\bin\dt_socket.dll
0x00000000fb310000 - 0x00000000fb325000 	C:\Windows\system32\NLAapi.dll
0x00000000f8860000 - 0x00000000f8875000 	C:\Windows\system32\napinsp.dll
0x00000000f8840000 - 0x00000000f8859000 	C:\Windows\system32\pnrpnsp.dll
0x00000000fca90000 - 0x00000000fcae5000 	C:\Windows\System32\mswsock.dll
0x00000000fc910000 - 0x00000000fc96b000 	C:\Windows\system32\DNSAPI.dll
0x00000000f8830000 - 0x00000000f883b000 	C:\Windows\System32\winrnr.dll
0x00000000f9510000 - 0x00000000f953f000 	C:\Program Files\Common Files\Microsoft Shared\Windows Live\WLIDNSP.DLL
0x00000000faf20000 - 0x00000000faf47000 	C:\Windows\system32\IPHLPAPI.DLL
0x00000000faf10000 - 0x00000000faf1b000 	C:\Windows\system32\WINNSI.DLL
0x00000000fa8c0000 - 0x00000000fa913000 	C:\Windows\System32\fwpuclnt.dll
0x00000000f95e0000 - 0x00000000f95e8000 	C:\Windows\system32\rasadhlp.dll
0x00000000fc440000 - 0x00000000fc447000 	C:\Windows\System32\wshtcpip.dll
0x00000000f88f0000 - 0x00000000f8a15000 	C:\Windows\system32\dbghelp.dll

VM Arguments:
jvm_args: -agentlib:jdwp=transport=dt_socket,suspend=y,address=localhost:38927 -Dfile.encoding=Cp1252 
java_command: aVehicleManager
Launcher Type: SUN_STANDARD

Environment Variables:
CLASSPATH=.;C:\Program Files (x86)\Java\jre7\lib\ext\QTJava.zip
PATH=C:\Program Files\Common Files\Microsoft Shared\Windows Live;C:\Program Files (x86)\Common Files\Microsoft Shared\Windows Live;C:\Windows\system32;C:\Windows;C:\Windows\System32\Wbem;C:\Windows\System32\WindowsPowerShell\v1.0\;C:\Program Files\Microsoft\Web Platform Installer\;C:\Program Files (x86)\Microsoft ASP.NET\ASP.NET Web Pages\v1.0\;C:\Program Files (x86)\Windows Kits\8.0\Windows Performance Toolkit\;C:\Program Files\Microsoft SQL Server\110\Tools\Binn\;C:\Program Files (x86)\MySQL\MySQL Utilities 1.3.4\;C:\Program Files (x86)\QuickTime\QTSystem\;C:\Program Files (x86)\Microsoft SQL Server\100\Tools\Binn\;C:\Program Files\Microsoft SQL Server\100\Tools\Binn\;C:\Program Files\Microsoft SQL Server\100\DTS\Binn\;C:\Program Files (x86)\Microsoft SQL Server\100\Tools\Binn\VSShell\Common7\IDE\;C:\Program Files (x86)\Microsoft Visual Studio 9.0\Common7\IDE\PrivateAssemblies\;C:\Program Files (x86)\Microsoft SQL Server\100\DTS\Binn\;C:\Program Files (x86)\Windows Live\Shared;C:\Program Files (x86)\Skype\Phone\;C:\Program Files (x86)\Atmel\sam-ba_2.12\drv\;C:\Program Files (x86)\Atmel\sam-ba_2.12
USERNAME=Fahdil_Ahady
OS=Windows_NT
PROCESSOR_IDENTIFIER=Intel64 Family 6 Model 37 Stepping 5, GenuineIntel



---------------  S Y S T E M  ---------------

OS: Windows 7 , 64 bit Build 7601 Service Pack 1

CPU:total 4 (2 cores per cpu, 2 threads per core) family 6 model 37 stepping 5, cmov, cx8, fxsr, mmx, sse, sse2, sse3, ssse3, sse4.1, sse4.2, popcnt, ht, tsc, tscinvbit

Memory: 4k page, physical 3979332k(931908k free), swap 8945296k(854624k free)

vm_info: Java HotSpot(TM) 64-Bit Server VM (23.0-b21) for windows-amd64 JRE (1.7.0_04-b22), built on May  2 2012 23:28:26 by "java_re" with unknown MS VC++:1600

time: Mon Mar 21 00:51:06 2016
elapsed time: 1134 seconds

